<?xml version="1.0" encoding="UTF-8"?>
<testsuite name="com.harunsefainan.ecommerce.ECommerceApplicationTests" tests="1" skipped="0" failures="0" errors="0" timestamp="2024-04-01T21:39:26" hostname="HARUN" time="0.591">
  <properties/>
  <testcase name="contextLoads()" classname="com.harunsefainan.ecommerce.ECommerceApplicationTests" time="0.591"/>
  <system-out><![CDATA[00:39:19.689 [Test worker] INFO org.springframework.test.context.support.AnnotationConfigContextLoaderUtils -- Could not detect default configuration classes for test class [com.harunsefainan.ecommerce.ECommerceApplicationTests]: ECommerceApplicationTests does not declare any static, non-private, non-final, nested classes annotated with @Configuration.
00:39:19.861 [Test worker] INFO org.springframework.boot.test.context.SpringBootTestContextBootstrapper -- Found @SpringBootConfiguration com.harunsefainan.ecommerce.ECommerceApplication for test class com.harunsefainan.ecommerce.ECommerceApplicationTests

  .   ____          _            __ _ _
 /\\ / ___'_ __ _ _(_)_ __  __ _ \ \ \ \
( ( )\___ | '_ | '_| | '_ \/ _` | \ \ \ \
 \\/  ___)| |_)| | | | | || (_| |  ) ) ) )
  '  |____| .__|_| |_|_| |_\__, | / / / /
 =========|_|==============|___/=/_/_/_/
 :: Spring Boot ::                (v3.2.4)

2024-04-02T00:39:20.555+03:00  INFO 20308 --- [e-commerce] [    Test worker] c.h.ecommerce.ECommerceApplicationTests  : Starting ECommerceApplicationTests using Java 17.0.10 with PID 20308 (started by harun in C:\Users\harun\Desktop\e-commerce)
2024-04-02T00:39:20.558+03:00  INFO 20308 --- [e-commerce] [    Test worker] c.h.ecommerce.ECommerceApplicationTests  : No active profile set, falling back to 1 default profile: "default"
2024-04-02T00:39:21.531+03:00  INFO 20308 --- [e-commerce] [    Test worker] .s.d.r.c.RepositoryConfigurationDelegate : Bootstrapping Spring Data JPA repositories in DEFAULT mode.
2024-04-02T00:39:21.567+03:00  INFO 20308 --- [e-commerce] [    Test worker] .s.d.r.c.RepositoryConfigurationDelegate : Finished Spring Data repository scanning in 24 ms. Found 0 JPA repository interfaces.
2024-04-02T00:39:22.339+03:00  INFO 20308 --- [e-commerce] [    Test worker] com.zaxxer.hikari.HikariDataSource       : HikariPool-1 - Starting...
2024-04-02T00:39:22.749+03:00  INFO 20308 --- [e-commerce] [    Test worker] com.zaxxer.hikari.pool.HikariPool        : HikariPool-1 - Added connection com.mysql.cj.jdbc.ConnectionImpl@25a5c8e
2024-04-02T00:39:22.751+03:00  INFO 20308 --- [e-commerce] [    Test worker] com.zaxxer.hikari.HikariDataSource       : HikariPool-1 - Start completed.
2024-04-02T00:39:22.814+03:00  INFO 20308 --- [e-commerce] [    Test worker] o.hibernate.jpa.internal.util.LogHelper  : HHH000204: Processing PersistenceUnitInfo [name: default]
2024-04-02T00:39:22.882+03:00  INFO 20308 --- [e-commerce] [    Test worker] org.hibernate.Version                    : HHH000412: Hibernate ORM core version 6.4.4.Final
2024-04-02T00:39:22.942+03:00  INFO 20308 --- [e-commerce] [    Test worker] o.h.c.internal.RegionFactoryInitiator    : HHH000026: Second-level cache disabled
2024-04-02T00:39:23.372+03:00  INFO 20308 --- [e-commerce] [    Test worker] o.s.o.j.p.SpringPersistenceUnitInfo      : No LoadTimeWeaver setup: ignoring JPA class transformer
2024-04-02T00:39:24.768+03:00  INFO 20308 --- [e-commerce] [    Test worker] o.h.e.t.j.p.i.JtaPlatformInitiator       : HHH000489: No JTA platform available (set 'hibernate.transaction.jta.platform' to enable JTA platform integration)
2024-04-02T00:39:24.772+03:00  INFO 20308 --- [e-commerce] [    Test worker] j.LocalContainerEntityManagerFactoryBean : Initialized JPA EntityManagerFactory for persistence unit 'default'
2024-04-02T00:39:25.011+03:00  WARN 20308 --- [e-commerce] [    Test worker] JpaBaseConfiguration$JpaWebConfiguration : spring.jpa.open-in-view is enabled by default. Therefore, database queries may be performed during view rendering. Explicitly configure spring.jpa.open-in-view to disable this warning
2024-04-02T00:39:25.886+03:00  WARN 20308 --- [e-commerce] [    Test worker] .s.s.UserDetailsServiceAutoConfiguration : 

Using generated security password: 15ee2c44-42b3-4a94-8a80-024df6f7b985

This generated password is for development use only. Your security configuration must be updated before running your application in production.

2024-04-02T00:39:26.233+03:00  INFO 20308 --- [e-commerce] [    Test worker] o.s.s.web.DefaultSecurityFilterChain     : Will secure any request with [org.springframework.security.web.session.DisableEncodeUrlFilter@1a4564a2, org.springframework.security.web.context.request.async.WebAsyncManagerIntegrationFilter@157267db, org.springframework.security.web.context.SecurityContextHolderFilter@11e75942, org.springframework.security.web.header.HeaderWriterFilter@20724c21, org.springframework.web.filter.CorsFilter@4b8ac512, org.springframework.security.web.csrf.CsrfFilter@88e85a, org.springframework.security.web.authentication.logout.LogoutFilter@2f0b5d79, org.springframework.security.web.authentication.UsernamePasswordAuthenticationFilter@4e22dadb, org.springframework.security.web.authentication.ui.DefaultLoginPageGeneratingFilter@7692c0e9, org.springframework.security.web.authentication.ui.DefaultLogoutPageGeneratingFilter@58922a00, org.springframework.security.web.authentication.www.BasicAuthenticationFilter@4cb87009, org.springframework.security.web.savedrequest.RequestCacheAwareFilter@4a6d6308, org.springframework.security.web.servletapi.SecurityContextHolderAwareRequestFilter@773cc551, org.springframework.security.web.authentication.AnonymousAuthenticationFilter@69c335c4, org.springframework.security.web.access.ExceptionTranslationFilter@1a23136f, org.springframework.security.web.access.intercept.AuthorizationFilter@57cc0333]
2024-04-02T00:39:26.364+03:00  INFO 20308 --- [e-commerce] [    Test worker] c.h.ecommerce.ECommerceApplicationTests  : Started ECommerceApplicationTests in 6.165 seconds (process running for 8.013)
]]></system-out>
  <system-err><![CDATA[]]></system-err>
</testsuite>
