<?xml version="1.0" encoding="UTF-8"?>
<testsuite name="com.harunsefainan.ecommerce.ECommerceApplicationTests" tests="1" skipped="0" failures="0" errors="0" timestamp="2024-04-05T13:00:18" hostname="DESKTOP-HUO68BL" time="0.55">
  <properties/>
  <testcase name="contextLoads()" classname="com.harunsefainan.ecommerce.ECommerceApplicationTests" time="0.55"/>
  <system-out><![CDATA[16:00:13.854 [Test worker] INFO org.springframework.test.context.support.AnnotationConfigContextLoaderUtils -- Could not detect default configuration classes for test class [com.harunsefainan.ecommerce.ECommerceApplicationTests]: ECommerceApplicationTests does not declare any static, non-private, non-final, nested classes annotated with @Configuration.
16:00:13.955 [Test worker] INFO org.springframework.boot.test.context.SpringBootTestContextBootstrapper -- Found @SpringBootConfiguration com.harunsefainan.ecommerce.ECommerceApplication for test class com.harunsefainan.ecommerce.ECommerceApplicationTests

  .   ____          _            __ _ _
 /\\ / ___'_ __ _ _(_)_ __  __ _ \ \ \ \
( ( )\___ | '_ | '_| | '_ \/ _` | \ \ \ \
 \\/  ___)| |_)| | | | | || (_| |  ) ) ) )
  '  |____| .__|_| |_|_| |_\__, | / / / /
 =========|_|==============|___/=/_/_/_/
 :: Spring Boot ::                (v3.2.4)

2024-04-05T16:00:14.304+03:00  INFO 18404 --- [e-commerce] [    Test worker] c.h.ecommerce.ECommerceApplicationTests  : Starting ECommerceApplicationTests using Java 17.0.10 with PID 18404 (started by GİB in C:\Users\GİB\Desktop\e-commerce)
2024-04-05T16:00:14.305+03:00  INFO 18404 --- [e-commerce] [    Test worker] c.h.ecommerce.ECommerceApplicationTests  : No active profile set, falling back to 1 default profile: "default"
2024-04-05T16:00:14.990+03:00  INFO 18404 --- [e-commerce] [    Test worker] .s.d.r.c.RepositoryConfigurationDelegate : Bootstrapping Spring Data JPA repositories in DEFAULT mode.
2024-04-05T16:00:15.055+03:00  INFO 18404 --- [e-commerce] [    Test worker] .s.d.r.c.RepositoryConfigurationDelegate : Finished Spring Data repository scanning in 56 ms. Found 1 JPA repository interface.
2024-04-05T16:00:15.496+03:00  INFO 18404 --- [e-commerce] [    Test worker] com.zaxxer.hikari.HikariDataSource       : HikariPool-1 - Starting...
2024-04-05T16:00:15.787+03:00  INFO 18404 --- [e-commerce] [    Test worker] com.zaxxer.hikari.pool.HikariPool        : HikariPool-1 - Added connection com.mysql.cj.jdbc.ConnectionImpl@2e4eda17
2024-04-05T16:00:15.789+03:00  INFO 18404 --- [e-commerce] [    Test worker] com.zaxxer.hikari.HikariDataSource       : HikariPool-1 - Start completed.
2024-04-05T16:00:15.837+03:00  INFO 18404 --- [e-commerce] [    Test worker] o.hibernate.jpa.internal.util.LogHelper  : HHH000204: Processing PersistenceUnitInfo [name: default]
2024-04-05T16:00:15.906+03:00  INFO 18404 --- [e-commerce] [    Test worker] org.hibernate.Version                    : HHH000412: Hibernate ORM core version 6.4.4.Final
2024-04-05T16:00:15.960+03:00  INFO 18404 --- [e-commerce] [    Test worker] o.h.c.internal.RegionFactoryInitiator    : HHH000026: Second-level cache disabled
2024-04-05T16:00:16.266+03:00  INFO 18404 --- [e-commerce] [    Test worker] o.s.o.j.p.SpringPersistenceUnitInfo      : No LoadTimeWeaver setup: ignoring JPA class transformer
2024-04-05T16:00:17.139+03:00  INFO 18404 --- [e-commerce] [    Test worker] o.h.e.t.j.p.i.JtaPlatformInitiator       : HHH000489: No JTA platform available (set 'hibernate.transaction.jta.platform' to enable JTA platform integration)
2024-04-05T16:00:17.141+03:00  INFO 18404 --- [e-commerce] [    Test worker] j.LocalContainerEntityManagerFactoryBean : Initialized JPA EntityManagerFactory for persistence unit 'default'
2024-04-05T16:00:17.530+03:00  WARN 18404 --- [e-commerce] [    Test worker] JpaBaseConfiguration$JpaWebConfiguration : spring.jpa.open-in-view is enabled by default. Therefore, database queries may be performed during view rendering. Explicitly configure spring.jpa.open-in-view to disable this warning
2024-04-05T16:00:17.874+03:00  INFO 18404 --- [e-commerce] [    Test worker] o.s.s.web.DefaultSecurityFilterChain     : Will secure any request with [org.springframework.security.web.session.DisableEncodeUrlFilter@3aec2f59, org.springframework.security.web.context.request.async.WebAsyncManagerIntegrationFilter@7f72855d, org.springframework.security.web.context.SecurityContextHolderFilter@21d561c9, org.springframework.security.web.header.HeaderWriterFilter@273e622f, org.springframework.web.filter.CorsFilter@13f358f8, org.springframework.security.web.csrf.CsrfFilter@7828bc6b, org.springframework.security.web.authentication.logout.LogoutFilter@3c20abd6, com.harunsefainan.ecommerce.auth.JwtTokenFilter@641ab175, org.springframework.security.web.savedrequest.RequestCacheAwareFilter@2bef33e7, org.springframework.security.web.servletapi.SecurityContextHolderAwareRequestFilter@5bd191c2, org.springframework.security.web.authentication.AnonymousAuthenticationFilter@3f119b55, org.springframework.security.web.access.ExceptionTranslationFilter@25dacc5a, org.springframework.security.web.access.intercept.FilterSecurityInterceptor@1b1d1558]
2024-04-05T16:00:18.167+03:00  INFO 18404 --- [e-commerce] [    Test worker] c.h.ecommerce.ECommerceApplicationTests  : Started ECommerceApplicationTests in 4.039 seconds (process running for 5.138)
]]></system-out>
  <system-err><![CDATA[]]></system-err>
</testsuite>
